<?xml version="1.0" encoding="UTF-8"?>
<!-- Generated by org.testng.reporters.JUnitReportReporter -->
<testsuite hostname="Opti-QApp" name="testcases.HomePageTest" tests="1" failures="0" timestamp="13 May 2020 13:51:51 GMT" time="50.449" errors="0">
  <testcase name="testHomePage" time="50.449" classname="testcases.HomePageTest"/>
</testsuite> <!-- testcases.HomePageTest -->
