<?xml version="1.0" encoding="UTF-8"?>
<!-- Generated by org.testng.reporters.JUnitReportReporter -->
<testsuite hostname="Opti-QApp" name="testcases.UserGroupTest" tests="3" failures="0" timestamp="29 Apr 2020 10:05:58 GMT" time="53.248" errors="0">
  <testcase name="testDeleteUserGroup" time="5.761" classname="testcases.UserGroupTest"/>
  <testcase name="testAddUserGroup" time="36.529" classname="testcases.UserGroupTest"/>
  <testcase name="testUpdateUserGroup" time="10.958" classname="testcases.UserGroupTest"/>
</testsuite> <!-- testcases.UserGroupTest -->
