<?xml version="1.0" encoding="UTF-8"?>
<!-- Generated by org.testng.reporters.JUnitReportReporter -->
<testsuite hostname="Opti-QApp" name="testcases.RoleTest" tests="1" failures="0" timestamp="22 Apr 2020 12:43:03 GMT" time="72.759" errors="0">
  <testcase name="AddRoleTest" time="72.759" classname="testcases.RoleTest"/>
</testsuite> <!-- testcases.RoleTest -->
