<?xml version="1.0" encoding="UTF-8"?>
<!-- Generated by org.testng.reporters.JUnitReportReporter -->
<testsuite hostname="Opti-QApp" name="testcases.UserTest" tests="1" failures="0" timestamp="21 Apr 2020 11:18:15 GMT" time="41.024" errors="0">
  <testcase name="AddUserTest" time="41.024" classname="testcases.UserTest"/>
</testsuite> <!-- testcases.UserTest -->
