<?xml version="1.0" encoding="UTF-8"?>
<!-- Generated by org.testng.reporters.JUnitReportReporter -->
<testsuite skipped="0" hostname="User" name="testcases.UDFDemo" tests="2" failures="0" timestamp="2020-06-01T18:25:42 IST" time="38.539" errors="0">
  <testcase name="searchUser" time="25.164" classname="testcases.UDFDemo"/>
  <system-out/>
  <testcase name="Login" time="13.375" classname="testcases.UDFDemo"/>
  <system-out/>
</testsuite> <!-- testcases.UDFDemo -->
